<?xml version="1.0" encoding="UTF-8"?>
<testng-results ignored="0" total="1" passed="1" failed="0" skipped="0">
  <reporter-output>
  </reporter-output>
  <suite started-at="2022-01-07T14:24:56 IST" name="Default suite" finished-at="2022-01-07T14:24:59 IST" duration-ms="3262">
    <groups>
    </groups>
    <test started-at="2022-01-07T14:24:56 IST" name="Default test" finished-at="2022-01-07T14:24:59 IST" duration-ms="3262">
      <class name="tests.XMLSchemaValidation">
        <test-method signature="schemaValidation()[pri:0, instance:tests.XMLSchemaValidation@1e6454ec]" started-at="2022-01-07T14:24:56 IST" name="schemaValidation" finished-at="2022-01-07T14:24:59 IST" duration-ms="3230" status="PASS">
          <reporter-output>
          </reporter-output>
        </test-method> <!-- schemaValidation -->
      </class> <!-- tests.XMLSchemaValidation -->
    </test> <!-- Default test -->
  </suite> <!-- Default suite -->
</testng-results>
