<?xml version="1.0" encoding="UTF-8"?>
<testng-results ignored="2" total="3" passed="1" failed="0" skipped="0">
  <reporter-output>
  </reporter-output>
  <suite started-at="2022-01-07T15:14:52 IST" name="Default suite" finished-at="2022-01-07T15:14:54 IST" duration-ms="1888">
    <groups>
    </groups>
    <test started-at="2022-01-07T15:14:52 IST" name="Default test" finished-at="2022-01-07T15:14:54 IST" duration-ms="1888">
      <class name="tests.PutPatchAndDeleteExamples">
        <test-method signature="testPut()[pri:0, instance:tests.PutPatchAndDeleteExamples@120f102b]" started-at="2022-01-07T15:14:52 IST" name="testPut" finished-at="2022-01-07T15:14:54 IST" duration-ms="1860" status="PASS">
          <reporter-output>
          </reporter-output>
        </test-method> <!-- testPut -->
      </class> <!-- tests.PutPatchAndDeleteExamples -->
    </test> <!-- Default test -->
  </suite> <!-- Default suite -->
</testng-results>
