<?xml version="1.0" encoding="UTF-8"?>
<!-- Generated by org.testng.reporters.JUnitXMLReporter -->
<testsuite ignored="2" hostname="BSL-BNG-L852" failures="0" tests="1" name="Default test" time="1.888" errors="0" timestamp="2022-01-07T15:14:54 IST">
  <testcase classname="tests.PutPatchAndDeleteExamples" name="testPut" time="1.86"/>
  <testcase classname="tests.PutPatchAndDeleteExamples" name="testDelete" time="0.0">
    <ignored/>
  </testcase> <!-- testDelete -->
  <testcase classname="tests.PutPatchAndDeleteExamples" name="testPatch" time="0.0">
    <ignored/>
  </testcase> <!-- testPatch -->
</testsuite> <!-- Default test -->
